2026-01-28 20:46:54.574 | INFO     | app.utils.custom_logger:<module>:188 | 62447:140704574242752 | 应用启动 - ContentHub v1.0.0
2026-01-28 20:46:54.574 | INFO     | app.utils.custom_logger:<module>:189 | 62447:140704574242752 | 日志级别: INFO
2026-01-28 20:46:54.575 | INFO     | app.utils.custom_logger:<module>:190 | 62447:140704574242752 | 日志格式: detailed
2026-01-28 20:46:54.575 | INFO     | app.utils.custom_logger:<module>:191 | 62447:140704574242752 | 日志文件: logs/contenthub.log
2026-01-28 20:46:54.575 | INFO     | app.utils.custom_logger:<module>:192 | 62447:140704574242752 | 错误日志: logs/error_{time:YYYY-MM-DD}.log
2026-01-28 20:46:54.576 | INFO     | app.utils.custom_logger:<module>:193 | 62447:140704574242752 | 性能日志: 禁用
2026-01-28 20:46:54.576 | INFO     | app.utils.custom_logger:<module>:194 | 62447:140704574242752 | SQL查询日志: 禁用
2026-01-28 20:46:54.576 | INFO     | app.utils.custom_logger:<module>:195 | 62447:140704574242752 | HTTP请求日志: 启用
2026-01-28 20:46:54.576 | INFO     | app.utils.custom_logger:<module>:196 | 62447:140704574242752 | 第三方库日志: 禁用
2026-01-28 20:46:54.577 | INFO     | app.utils.custom_logger:<module>:197 | 62447:140704574242752 | 异步日志: 启用
2026-01-28 20:46:54.577 | INFO     | app.utils.custom_logger:<module>:198 | 62447:140704574242752 | 调试模式: 启用
2026-01-28 20:47:09.442 | INFO     | app.utils.custom_logger:<module>:188 | 62670:140704574242752 | 应用启动 - ContentHub v1.0.0
2026-01-28 20:47:09.442 | INFO     | app.utils.custom_logger:<module>:189 | 62670:140704574242752 | 日志级别: INFO
2026-01-28 20:47:09.443 | INFO     | app.utils.custom_logger:<module>:190 | 62670:140704574242752 | 日志格式: detailed
2026-01-28 20:47:09.443 | INFO     | app.utils.custom_logger:<module>:191 | 62670:140704574242752 | 日志文件: logs/contenthub.log
2026-01-28 20:47:09.443 | INFO     | app.utils.custom_logger:<module>:192 | 62670:140704574242752 | 错误日志: logs/error_{time:YYYY-MM-DD}.log
2026-01-28 20:47:09.443 | INFO     | app.utils.custom_logger:<module>:193 | 62670:140704574242752 | 性能日志: 禁用
2026-01-28 20:47:09.444 | INFO     | app.utils.custom_logger:<module>:194 | 62670:140704574242752 | SQL查询日志: 禁用
2026-01-28 20:47:09.444 | INFO     | app.utils.custom_logger:<module>:195 | 62670:140704574242752 | HTTP请求日志: 启用
2026-01-28 20:47:09.444 | INFO     | app.utils.custom_logger:<module>:196 | 62670:140704574242752 | 第三方库日志: 禁用
2026-01-28 20:47:09.445 | INFO     | app.utils.custom_logger:<module>:197 | 62670:140704574242752 | 异步日志: 启用
2026-01-28 20:47:09.446 | INFO     | app.utils.custom_logger:<module>:198 | 62670:140704574242752 | 调试模式: 启用
2026-01-28 20:47:09.447 | INFO     | app.core.module_system.loader:load_modules:18 | 62670:140704574242752 | 📦 加载模块: ['auth', 'accounts', 'customer', 'content', 'scheduler', 'publisher', 'publish_pool', 'dashboard']
2026-01-28 20:47:09.755 | INFO     | logging:callHandlers:1762 | 62670:140704574242752 | (User|users) _configure_property(customer, Relationship)
2026-01-28 20:47:09.755 | INFO     | logging:callHandlers:1762 | 62670:140704574242752 | (User|users) _configure_property(id, Column)
2026-01-28 20:47:09.756 | INFO     | logging:callHandlers:1762 | 62670:140704574242752 | (User|users) _configure_property(username, Column)
2026-01-28 20:47:09.756 | INFO     | logging:callHandlers:1762 | 62670:140704574242752 | (User|users) _configure_property(email, Column)
2026-01-28 20:47:09.756 | INFO     | logging:callHandlers:1762 | 62670:140704574242752 | (User|users) _configure_property(password_hash, Column)
2026-01-28 20:47:09.757 | INFO     | logging:callHandlers:1762 | 62670:140704574242752 | (User|users) _configure_property(full_name, Column)
2026-01-28 20:47:09.757 | INFO     | logging:callHandlers:1762 | 62670:140704574242752 | (User|users) _configure_property(role, Column)
2026-01-28 20:47:09.757 | INFO     | logging:callHandlers:1762 | 62670:140704574242752 | (User|users) _configure_property(is_active, Column)
2026-01-28 20:47:09.758 | INFO     | logging:callHandlers:1762 | 62670:140704574242752 | (User|users) _configure_property(customer_id, Column)
2026-01-28 20:47:09.758 | INFO     | logging:callHandlers:1762 | 62670:140704574242752 | (User|users) _configure_property(created_at, Column)
2026-01-28 20:47:09.758 | INFO     | logging:callHandlers:1762 | 62670:140704574242752 | (User|users) _configure_property(updated_at, Column)
2026-01-28 20:47:09.759 | INFO     | logging:callHandlers:1762 | 62670:140704574242752 | (User|users) Identified primary key columns: OrderedSet([Column('id', Integer(), table=<users>, primary_key=True, nullable=False)])
2026-01-28 20:47:09.759 | INFO     | logging:callHandlers:1762 | 62670:140704574242752 | (User|users) constructed
2026-01-28 20:47:09.762 | INFO     | logging:callHandlers:1762 | 62670:140704574242752 | (Customer|customers) _configure_property(users, Relationship)
2026-01-28 20:47:09.762 | INFO     | logging:callHandlers:1762 | 62670:140704574242752 | (Customer|customers) _configure_property(accounts, Relationship)
2026-01-28 20:47:09.763 | INFO     | logging:callHandlers:1762 | 62670:140704574242752 | (Customer|customers) _configure_property(id, Column)
2026-01-28 20:47:09.763 | INFO     | logging:callHandlers:1762 | 62670:140704574242752 | (Customer|customers) _configure_property(name, Column)
2026-01-28 20:47:09.763 | INFO     | logging:callHandlers:1762 | 62670:140704574242752 | (Customer|customers) _configure_property(contact_name, Column)
2026-01-28 20:47:09.763 | INFO     | logging:callHandlers:1762 | 62670:140704574242752 | (Customer|customers) _configure_property(contact_email, Column)
2026-01-28 20:47:09.764 | INFO     | logging:callHandlers:1762 | 62670:140704574242752 | (Customer|customers) _configure_property(contact_phone, Column)
2026-01-28 20:47:09.764 | INFO     | logging:callHandlers:1762 | 62670:140704574242752 | (Customer|customers) _configure_property(description, Column)
2026-01-28 20:47:09.764 | INFO     | logging:callHandlers:1762 | 62670:140704574242752 | (Customer|customers) _configure_property(is_active, Column)
2026-01-28 20:47:09.765 | INFO     | logging:callHandlers:1762 | 62670:140704574242752 | (Customer|customers) _configure_property(created_at, Column)
2026-01-28 20:47:09.765 | INFO     | logging:callHandlers:1762 | 62670:140704574242752 | (Customer|customers) _configure_property(updated_at, Column)
2026-01-28 20:47:09.765 | INFO     | logging:callHandlers:1762 | 62670:140704574242752 | (Customer|customers) Identified primary key columns: OrderedSet([Column('id', Integer(), table=<customers>, primary_key=True, nullable=False)])
2026-01-28 20:47:09.766 | INFO     | logging:callHandlers:1762 | 62670:140704574242752 | (Customer|customers) constructed
2026-01-28 20:47:09.768 | INFO     | logging:callHandlers:1762 | 62670:140704574242752 | (Platform|platforms) _configure_property(accounts, Relationship)
2026-01-28 20:47:09.769 | INFO     | logging:callHandlers:1762 | 62670:140704574242752 | (Platform|platforms) _configure_property(id, Column)
2026-01-28 20:47:09.769 | INFO     | logging:callHandlers:1762 | 62670:140704574242752 | (Platform|platforms) _configure_property(name, Column)
2026-01-28 20:47:09.769 | INFO     | logging:callHandlers:1762 | 62670:140704574242752 | (Platform|platforms) _configure_property(code, Column)
2026-01-28 20:47:09.770 | INFO     | logging:callHandlers:1762 | 62670:140704574242752 | (Platform|platforms) _configure_property(type, Column)
2026-01-28 20:47:09.770 | INFO     | logging:callHandlers:1762 | 62670:140704574242752 | (Platform|platforms) _configure_property(description, Column)
2026-01-28 20:47:09.770 | INFO     | logging:callHandlers:1762 | 62670:140704574242752 | (Platform|platforms) _configure_property(api_url, Column)
2026-01-28 20:47:09.770 | INFO     | logging:callHandlers:1762 | 62670:140704574242752 | (Platform|platforms) _configure_property(api_key, Column)
2026-01-28 20:47:09.771 | INFO     | logging:callHandlers:1762 | 62670:140704574242752 | (Platform|platforms) _configure_property(is_active, Column)
2026-01-28 20:47:09.771 | INFO     | logging:callHandlers:1762 | 62670:140704574242752 | (Platform|platforms) _configure_property(created_at, Column)
2026-01-28 20:47:09.771 | INFO     | logging:callHandlers:1762 | 62670:140704574242752 | (Platform|platforms) _configure_property(updated_at, Column)
2026-01-28 20:47:09.772 | INFO     | logging:callHandlers:1762 | 62670:140704574242752 | (Platform|platforms) Identified primary key columns: OrderedSet([Column('id', Integer(), table=<platforms>, primary_key=True, nullable=False)])
2026-01-28 20:47:09.772 | INFO     | logging:callHandlers:1762 | 62670:140704574242752 | (Platform|platforms) constructed
2026-01-28 20:47:09.775 | INFO     | logging:callHandlers:1762 | 62670:140704574242752 | (ContentTheme|content_themes) _configure_property(publish_configs, Relationship)
2026-01-28 20:47:09.775 | INFO     | logging:callHandlers:1762 | 62670:140704574242752 | (ContentTheme|content_themes) _configure_property(id, Column)
2026-01-28 20:47:09.775 | INFO     | logging:callHandlers:1762 | 62670:140704574242752 | (ContentTheme|content_themes) _configure_property(name, Column)
2026-01-28 20:47:09.776 | INFO     | logging:callHandlers:1762 | 62670:140704574242752 | (ContentTheme|content_themes) _configure_property(code, Column)
2026-01-28 20:47:09.776 | INFO     | logging:callHandlers:1762 | 62670:140704574242752 | (ContentTheme|content_themes) _configure_property(description, Column)
2026-01-28 20:47:09.776 | INFO     | logging:callHandlers:1762 | 62670:140704574242752 | (ContentTheme|content_themes) _configure_property(type, Column)
2026-01-28 20:47:09.777 | INFO     | logging:callHandlers:1762 | 62670:140704574242752 | (ContentTheme|content_themes) _configure_property(is_system, Column)
2026-01-28 20:47:09.777 | INFO     | logging:callHandlers:1762 | 62670:140704574242752 | (ContentTheme|content_themes) _configure_property(created_at, Column)
2026-01-28 20:47:09.777 | INFO     | logging:callHandlers:1762 | 62670:140704574242752 | (ContentTheme|content_themes) _configure_property(updated_at, Column)
2026-01-28 20:47:09.778 | INFO     | logging:callHandlers:1762 | 62670:140704574242752 | (ContentTheme|content_themes) Identified primary key columns: OrderedSet([Column('id', Integer(), table=<content_themes>, primary_key=True, nullable=False)])
2026-01-28 20:47:09.778 | INFO     | logging:callHandlers:1762 | 62670:140704574242752 | (ContentTheme|content_themes) constructed
2026-01-28 20:47:09.781 | INFO     | logging:callHandlers:1762 | 62670:140704574242752 | (Account|accounts) _configure_property(customer, Relationship)
2026-01-28 20:47:09.781 | INFO     | logging:callHandlers:1762 | 62670:140704574242752 | (Account|accounts) _configure_property(platform, Relationship)
2026-01-28 20:47:09.781 | INFO     | logging:callHandlers:1762 | 62670:140704574242752 | (Account|accounts) _configure_property(configs, Relationship)
2026-01-28 20:47:09.782 | INFO     | logging:callHandlers:1762 | 62670:140704574242752 | (Account|accounts) _configure_property(writing_style, Relationship)
2026-01-28 20:47:09.782 | INFO     | logging:callHandlers:1762 | 62670:140704574242752 | (Account|accounts) _configure_property(content_sections, Relationship)
2026-01-28 20:47:09.782 | INFO     | logging:callHandlers:1762 | 62670:140704574242752 | (Account|accounts) _configure_property(data_sources, Relationship)
2026-01-28 20:47:09.782 | INFO     | logging:callHandlers:1762 | 62670:140704574242752 | (Account|accounts) _configure_property(publish_config, Relationship)
2026-01-28 20:47:09.783 | INFO     | logging:callHandlers:1762 | 62670:140704574242752 | (Account|accounts) _configure_property(contents, Relationship)
2026-01-28 20:47:09.783 | INFO     | logging:callHandlers:1762 | 62670:140704574242752 | (Account|accounts) _configure_property(publish_logs, Relationship)
2026-01-28 20:47:09.783 | INFO     | logging:callHandlers:1762 | 62670:140704574242752 | (Account|accounts) _configure_property(id, Column)
2026-01-28 20:47:09.784 | INFO     | logging:callHandlers:1762 | 62670:140704574242752 | (Account|accounts) _configure_property(customer_id, Column)
2026-01-28 20:47:09.784 | INFO     | logging:callHandlers:1762 | 62670:140704574242752 | (Account|accounts) _configure_property(platform_id, Column)
2026-01-28 20:47:09.784 | INFO     | logging:callHandlers:1762 | 62670:140704574242752 | (Account|accounts) _configure_property(name, Column)
2026-01-28 20:47:09.784 | INFO     | logging:callHandlers:1762 | 62670:140704574242752 | (Account|accounts) _configure_property(directory_name, Column)
2026-01-28 20:47:09.785 | INFO     | logging:callHandlers:1762 | 62670:140704574242752 | (Account|accounts) _configure_property(description, Column)
2026-01-28 20:47:09.785 | INFO     | logging:callHandlers:1762 | 62670:140704574242752 | (Account|accounts) _configure_property(wechat_app_id, Column)
2026-01-28 20:47:09.786 | INFO     | logging:callHandlers:1762 | 62670:140704574242752 | (Account|accounts) _configure_property(wechat_app_secret, Column)
2026-01-28 20:47:09.786 | INFO     | logging:callHandlers:1762 | 62670:140704574242752 | (Account|accounts) _configure_property(publisher_api_key, Column)
2026-01-28 20:47:09.786 | INFO     | logging:callHandlers:1762 | 62670:140704574242752 | (Account|accounts) _configure_property(is_active, Column)
2026-01-28 20:47:09.787 | INFO     | logging:callHandlers:1762 | 62670:140704574242752 | (Account|accounts) _configure_property(created_at, Column)
2026-01-28 20:47:09.787 | INFO     | logging:callHandlers:1762 | 62670:140704574242752 | (Account|accounts) _configure_property(updated_at, Column)
2026-01-28 20:47:09.788 | INFO     | logging:callHandlers:1762 | 62670:140704574242752 | (Account|accounts) Identified primary key columns: OrderedSet([Column('id', Integer(), table=<accounts>, primary_key=True, nullable=False)])
2026-01-28 20:47:09.788 | INFO     | logging:callHandlers:1762 | 62670:140704574242752 | (Account|accounts) constructed
2026-01-28 20:47:09.790 | INFO     | logging:callHandlers:1762 | 62670:140704574242752 | (WritingStyle|writing_styles) _configure_property(account, Relationship)
2026-01-28 20:47:09.790 | INFO     | logging:callHandlers:1762 | 62670:140704574242752 | (WritingStyle|writing_styles) _configure_property(id, Column)
2026-01-28 20:47:09.791 | INFO     | logging:callHandlers:1762 | 62670:140704574242752 | (WritingStyle|writing_styles) _configure_property(name, Column)
2026-01-28 20:47:09.791 | INFO     | logging:callHandlers:1762 | 62670:140704574242752 | (WritingStyle|writing_styles) _configure_property(code, Column)
2026-01-28 20:47:09.791 | INFO     | logging:callHandlers:1762 | 62670:140704574242752 | (WritingStyle|writing_styles) _configure_property(description, Column)
2026-01-28 20:47:09.792 | INFO     | logging:callHandlers:1762 | 62670:140704574242752 | (WritingStyle|writing_styles) _configure_property(tone, Column)
2026-01-28 20:47:09.792 | INFO     | logging:callHandlers:1762 | 62670:140704574242752 | (WritingStyle|writing_styles) _configure_property(persona, Column)
2026-01-28 20:47:09.792 | INFO     | logging:callHandlers:1762 | 62670:140704574242752 | (WritingStyle|writing_styles) _configure_property(min_words, Column)
2026-01-28 20:47:09.793 | INFO     | logging:callHandlers:1762 | 62670:140704574242752 | (WritingStyle|writing_styles) _configure_property(max_words, Column)
2026-01-28 20:47:09.793 | INFO     | logging:callHandlers:1762 | 62670:140704574242752 | (WritingStyle|writing_styles) _configure_property(emoji_usage, Column)
2026-01-28 20:47:09.793 | INFO     | logging:callHandlers:1762 | 62670:140704574242752 | (WritingStyle|writing_styles) _configure_property(forbidden_words, Column)
2026-01-28 20:47:09.794 | INFO     | logging:callHandlers:1762 | 62670:140704574242752 | (WritingStyle|writing_styles) _configure_property(is_system, Column)
2026-01-28 20:47:09.794 | INFO     | logging:callHandlers:1762 | 62670:140704574242752 | (WritingStyle|writing_styles) _configure_property(account_id, Column)
2026-01-28 20:47:09.794 | INFO     | logging:callHandlers:1762 | 62670:140704574242752 | (WritingStyle|writing_styles) _configure_property(created_at, Column)
2026-01-28 20:47:09.795 | INFO     | logging:callHandlers:1762 | 62670:140704574242752 | (WritingStyle|writing_styles) _configure_property(updated_at, Column)
2026-01-28 20:47:09.795 | INFO     | logging:callHandlers:1762 | 62670:140704574242752 | (WritingStyle|writing_styles) Identified primary key columns: OrderedSet([Column('id', Integer(), table=<writing_styles>, primary_key=True, nullable=False)])
2026-01-28 20:47:09.795 | INFO     | logging:callHandlers:1762 | 62670:140704574242752 | (WritingStyle|writing_styles) constructed
2026-01-28 20:47:09.797 | INFO     | logging:callHandlers:1762 | 62670:140704574242752 | (ContentSection|content_sections) _configure_property(account, Relationship)
2026-01-28 20:47:09.797 | INFO     | logging:callHandlers:1762 | 62670:140704574242752 | (ContentSection|content_sections) _configure_property(id, Column)
2026-01-28 20:47:09.797 | INFO     | logging:callHandlers:1762 | 62670:140704574242752 | (ContentSection|content_sections) _configure_property(account_id, Column)
2026-01-28 20:47:09.798 | INFO     | logging:callHandlers:1762 | 62670:140704574242752 | (ContentSection|content_sections) _configure_property(name, Column)
2026-01-28 20:47:09.798 | INFO     | logging:callHandlers:1762 | 62670:140704574242752 | (ContentSection|content_sections) _configure_property(code, Column)
2026-01-28 20:47:09.798 | INFO     | logging:callHandlers:1762 | 62670:140704574242752 | (ContentSection|content_sections) _configure_property(description, Column)
2026-01-28 20:47:09.799 | INFO     | logging:callHandlers:1762 | 62670:140704574242752 | (ContentSection|content_sections) _configure_property(word_count, Column)
2026-01-28 20:47:09.799 | INFO     | logging:callHandlers:1762 | 62670:140704574242752 | (ContentSection|content_sections) _configure_property(update_frequency, Column)
2026-01-28 20:47:09.799 | INFO     | logging:callHandlers:1762 | 62670:140704574242752 | (ContentSection|content_sections) _configure_property(publish_time, Column)
2026-01-28 20:47:09.800 | INFO     | logging:callHandlers:1762 | 62670:140704574242752 | (ContentSection|content_sections) _configure_property(modules, Column)
2026-01-28 20:47:09.800 | INFO     | logging:callHandlers:1762 | 62670:140704574242752 | (ContentSection|content_sections) _configure_property(created_at, Column)
2026-01-28 20:47:09.800 | INFO     | logging:callHandlers:1762 | 62670:140704574242752 | (ContentSection|content_sections) _configure_property(updated_at, Column)
2026-01-28 20:47:09.801 | INFO     | logging:callHandlers:1762 | 62670:140704574242752 | (ContentSection|content_sections) Identified primary key columns: OrderedSet([Column('id', Integer(), table=<content_sections>, primary_key=True, nullable=False)])
2026-01-28 20:47:09.801 | INFO     | logging:callHandlers:1762 | 62670:140704574242752 | (ContentSection|content_sections) constructed
2026-01-28 20:47:09.802 | INFO     | logging:callHandlers:1762 | 62670:140704574242752 | (DataSource|data_sources) _configure_property(account, Relationship)
2026-01-28 20:47:09.803 | INFO     | logging:callHandlers:1762 | 62670:140704574242752 | (DataSource|data_sources) _configure_property(id, Column)
2026-01-28 20:47:09.803 | INFO     | logging:callHandlers:1762 | 62670:140704574242752 | (DataSource|data_sources) _configure_property(account_id, Column)
2026-01-28 20:47:09.804 | INFO     | logging:callHandlers:1762 | 62670:140704574242752 | (DataSource|data_sources) _configure_property(name, Column)
2026-01-28 20:47:09.804 | INFO     | logging:callHandlers:1762 | 62670:140704574242752 | (DataSource|data_sources) _configure_property(type, Column)
2026-01-28 20:47:09.804 | INFO     | logging:callHandlers:1762 | 62670:140704574242752 | (DataSource|data_sources) _configure_property(url, Column)
2026-01-28 20:47:09.805 | INFO     | logging:callHandlers:1762 | 62670:140704574242752 | (DataSource|data_sources) _configure_property(strategy, Column)
2026-01-28 20:47:09.805 | INFO     | logging:callHandlers:1762 | 62670:140704574242752 | (DataSource|data_sources) _configure_property(keywords, Column)
2026-01-28 20:47:09.805 | INFO     | logging:callHandlers:1762 | 62670:140704574242752 | (DataSource|data_sources) _configure_property(scoring_criteria, Column)
2026-01-28 20:47:09.806 | INFO     | logging:callHandlers:1762 | 62670:140704574242752 | (DataSource|data_sources) _configure_property(created_at, Column)
2026-01-28 20:47:09.806 | INFO     | logging:callHandlers:1762 | 62670:140704574242752 | (DataSource|data_sources) _configure_property(updated_at, Column)
2026-01-28 20:47:09.806 | INFO     | logging:callHandlers:1762 | 62670:140704574242752 | (DataSource|data_sources) Identified primary key columns: OrderedSet([Column('id', Integer(), table=<data_sources>, primary_key=True, nullable=False)])
2026-01-28 20:47:09.807 | INFO     | logging:callHandlers:1762 | 62670:140704574242752 | (DataSource|data_sources) constructed
2026-01-28 20:47:09.809 | INFO     | logging:callHandlers:1762 | 62670:140704574242752 | (PublishConfig|publish_configs) _configure_property(account, Relationship)
2026-01-28 20:47:09.809 | INFO     | logging:callHandlers:1762 | 62670:140704574242752 | (PublishConfig|publish_configs) _configure_property(theme, Relationship)
2026-01-28 20:47:09.809 | INFO     | logging:callHandlers:1762 | 62670:140704574242752 | (PublishConfig|publish_configs) _configure_property(id, Column)
2026-01-28 20:47:09.810 | INFO     | logging:callHandlers:1762 | 62670:140704574242752 | (PublishConfig|publish_configs) _configure_property(account_id, Column)
2026-01-28 20:47:09.810 | INFO     | logging:callHandlers:1762 | 62670:140704574242752 | (PublishConfig|publish_configs) _configure_property(theme_id, Column)
2026-01-28 20:47:09.810 | INFO     | logging:callHandlers:1762 | 62670:140704574242752 | (PublishConfig|publish_configs) _configure_property(review_mode, Column)
2026-01-28 20:47:09.811 | INFO     | logging:callHandlers:1762 | 62670:140704574242752 | (PublishConfig|publish_configs) _configure_property(publish_mode, Column)
2026-01-28 20:47:09.811 | INFO     | logging:callHandlers:1762 | 62670:140704574242752 | (PublishConfig|publish_configs) _configure_property(auto_publish, Column)
2026-01-28 20:47:09.811 | INFO     | logging:callHandlers:1762 | 62670:140704574242752 | (PublishConfig|publish_configs) _configure_property(publish_times, Column)
2026-01-28 20:47:09.811 | INFO     | logging:callHandlers:1762 | 62670:140704574242752 | (PublishConfig|publish_configs) _configure_property(section_theme_map, Column)
2026-01-28 20:47:09.812 | INFO     | logging:callHandlers:1762 | 62670:140704574242752 | (PublishConfig|publish_configs) _configure_property(batch_settings, Column)
2026-01-28 20:47:09.812 | INFO     | logging:callHandlers:1762 | 62670:140704574242752 | (PublishConfig|publish_configs) _configure_property(created_at, Column)
2026-01-28 20:47:09.812 | INFO     | logging:callHandlers:1762 | 62670:140704574242752 | (PublishConfig|publish_configs) _configure_property(updated_at, Column)
2026-01-28 20:47:09.813 | INFO     | logging:callHandlers:1762 | 62670:140704574242752 | (PublishConfig|publish_configs) Identified primary key columns: OrderedSet([Column('id', Integer(), table=<publish_configs>, primary_key=True, nullable=False)])
2026-01-28 20:47:09.813 | INFO     | logging:callHandlers:1762 | 62670:140704574242752 | (PublishConfig|publish_configs) constructed
2026-01-28 20:47:09.814 | INFO     | logging:callHandlers:1762 | 62670:140704574242752 | (AccountConfig|account_configs) _configure_property(account, Relationship)
2026-01-28 20:47:09.815 | INFO     | logging:callHandlers:1762 | 62670:140704574242752 | (AccountConfig|account_configs) _configure_property(id, Column)
2026-01-28 20:47:09.815 | INFO     | logging:callHandlers:1762 | 62670:140704574242752 | (AccountConfig|account_configs) _configure_property(account_id, Column)
2026-01-28 20:47:09.815 | INFO     | logging:callHandlers:1762 | 62670:140704574242752 | (AccountConfig|account_configs) _configure_property(config_type, Column)
2026-01-28 20:47:09.816 | INFO     | logging:callHandlers:1762 | 62670:140704574242752 | (AccountConfig|account_configs) _configure_property(config_name, Column)
2026-01-28 20:47:09.816 | INFO     | logging:callHandlers:1762 | 62670:140704574242752 | (AccountConfig|account_configs) _configure_property(config_data, Column)
2026-01-28 20:47:09.817 | INFO     | logging:callHandlers:1762 | 62670:140704574242752 | (AccountConfig|account_configs) _configure_property(markdown_content, Column)
2026-01-28 20:47:09.818 | INFO     | logging:callHandlers:1762 | 62670:140704574242752 | (AccountConfig|account_configs) _configure_property(created_at, Column)
2026-01-28 20:47:09.818 | INFO     | logging:callHandlers:1762 | 62670:140704574242752 | (AccountConfig|account_configs) _configure_property(updated_at, Column)
2026-01-28 20:47:09.818 | INFO     | logging:callHandlers:1762 | 62670:140704574242752 | (AccountConfig|account_configs) Identified primary key columns: OrderedSet([Column('id', Integer(), table=<account_configs>, primary_key=True, nullable=False)])
2026-01-28 20:47:09.819 | INFO     | logging:callHandlers:1762 | 62670:140704574242752 | (AccountConfig|account_configs) constructed
2026-01-28 20:47:09.822 | INFO     | logging:callHandlers:1762 | 62670:140704574242752 | (Content|contents) _configure_property(account, Relationship)
2026-01-28 20:47:09.822 | INFO     | logging:callHandlers:1762 | 62670:140704574242752 | (Content|contents) _configure_property(publish_log, Relationship)
2026-01-28 20:47:09.822 | INFO     | logging:callHandlers:1762 | 62670:140704574242752 | (Content|contents) _configure_property(pool_entry, Relationship)
2026-01-28 20:47:09.822 | INFO     | logging:callHandlers:1762 | 62670:140704574242752 | (Content|contents) _configure_property(id, Column)
2026-01-28 20:47:09.823 | INFO     | logging:callHandlers:1762 | 62670:140704574242752 | (Content|contents) _configure_property(account_id, Column)
2026-01-28 20:47:09.823 | INFO     | logging:callHandlers:1762 | 62670:140704574242752 | (Content|contents) _configure_property(title, Column)
2026-01-28 20:47:09.823 | INFO     | logging:callHandlers:1762 | 62670:140704574242752 | (Content|contents) _configure_property(content, Column)
2026-01-28 20:47:09.824 | INFO     | logging:callHandlers:1762 | 62670:140704574242752 | (Content|contents) _configure_property(image_url, Column)
2026-01-28 20:47:09.824 | INFO     | logging:callHandlers:1762 | 62670:140704574242752 | (Content|contents) _configure_property(image_path, Column)
2026-01-28 20:47:09.824 | INFO     | logging:callHandlers:1762 | 62670:140704574242752 | (Content|contents) _configure_property(section_code, Column)
2026-01-28 20:47:09.825 | INFO     | logging:callHandlers:1762 | 62670:140704574242752 | (Content|contents) _configure_property(review_mode, Column)
2026-01-28 20:47:09.825 | INFO     | logging:callHandlers:1762 | 62670:140704574242752 | (Content|contents) _configure_property(review_status, Column)
2026-01-28 20:47:09.826 | INFO     | logging:callHandlers:1762 | 62670:140704574242752 | (Content|contents) _configure_property(review_comment, Column)
2026-01-28 20:47:09.826 | INFO     | logging:callHandlers:1762 | 62670:140704574242752 | (Content|contents) _configure_property(publish_status, Column)
2026-01-28 20:47:09.826 | INFO     | logging:callHandlers:1762 | 62670:140704574242752 | (Content|contents) _configure_property(priority, Column)
2026-01-28 20:47:09.827 | INFO     | logging:callHandlers:1762 | 62670:140704574242752 | (Content|contents) _configure_property(scheduled_at, Column)
2026-01-28 20:47:09.827 | INFO     | logging:callHandlers:1762 | 62670:140704574242752 | (Content|contents) _configure_property(created_at, Column)
2026-01-28 20:47:09.828 | INFO     | logging:callHandlers:1762 | 62670:140704574242752 | (Content|contents) _configure_property(updated_at, Column)
2026-01-28 20:47:09.828 | INFO     | logging:callHandlers:1762 | 62670:140704574242752 | (Content|contents) Identified primary key columns: OrderedSet([Column('id', Integer(), table=<contents>, primary_key=True, nullable=False)])
2026-01-28 20:47:09.829 | INFO     | logging:callHandlers:1762 | 62670:140704574242752 | (Content|contents) constructed
2026-01-28 20:47:09.830 | INFO     | logging:callHandlers:1762 | 62670:140704574242752 | (TopicHistory|topic_history) _configure_property(id, Column)
2026-01-28 20:47:09.830 | INFO     | logging:callHandlers:1762 | 62670:140704574242752 | (TopicHistory|topic_history) _configure_property(account_id, Column)
2026-01-28 20:47:09.831 | INFO     | logging:callHandlers:1762 | 62670:140704574242752 | (TopicHistory|topic_history) _configure_property(topic, Column)
2026-01-28 20:47:09.831 | INFO     | logging:callHandlers:1762 | 62670:140704574242752 | (TopicHistory|topic_history) _configure_property(section_code, Column)
2026-01-28 20:47:09.831 | INFO     | logging:callHandlers:1762 | 62670:140704574242752 | (TopicHistory|topic_history) _configure_property(source_url, Column)
2026-01-28 20:47:09.832 | INFO     | logging:callHandlers:1762 | 62670:140704574242752 | (TopicHistory|topic_history) _configure_property(source_name, Column)
2026-01-28 20:47:09.832 | INFO     | logging:callHandlers:1762 | 62670:140704574242752 | (TopicHistory|topic_history) _configure_property(priority_score, Column)
2026-01-28 20:47:09.833 | INFO     | logging:callHandlers:1762 | 62670:140704574242752 | (TopicHistory|topic_history) _configure_property(freshness_score, Column)
2026-01-28 20:47:09.833 | INFO     | logging:callHandlers:1762 | 62670:140704574242752 | (TopicHistory|topic_history) _configure_property(relevance_score, Column)
2026-01-28 20:47:09.834 | INFO     | logging:callHandlers:1762 | 62670:140704574242752 | (TopicHistory|topic_history) _configure_property(status, Column)
2026-01-28 20:47:09.834 | INFO     | logging:callHandlers:1762 | 62670:140704574242752 | (TopicHistory|topic_history) _configure_property(content_id, Column)
2026-01-28 20:47:09.834 | INFO     | logging:callHandlers:1762 | 62670:140704574242752 | (TopicHistory|topic_history) _configure_property(notes, Column)
2026-01-28 20:47:09.835 | INFO     | logging:callHandlers:1762 | 62670:140704574242752 | (TopicHistory|topic_history) _configure_property(created_at, Column)
2026-01-28 20:47:09.835 | INFO     | logging:callHandlers:1762 | 62670:140704574242752 | (TopicHistory|topic_history) _configure_property(updated_at, Column)
2026-01-28 20:47:09.836 | INFO     | logging:callHandlers:1762 | 62670:140704574242752 | (TopicHistory|topic_history) Identified primary key columns: OrderedSet([Column('id', Integer(), table=<topic_history>, primary_key=True, nullable=False)])
2026-01-28 20:47:09.836 | INFO     | logging:callHandlers:1762 | 62670:140704574242752 | (TopicHistory|topic_history) constructed
2026-01-28 20:47:09.838 | INFO     | logging:callHandlers:1762 | 62670:140704574242752 | (ScheduledTask|scheduled_tasks) _configure_property(executions, Relationship)
2026-01-28 20:47:09.839 | INFO     | logging:callHandlers:1762 | 62670:140704574242752 | (ScheduledTask|scheduled_tasks) _configure_property(id, Column)
2026-01-28 20:47:09.839 | INFO     | logging:callHandlers:1762 | 62670:140704574242752 | (ScheduledTask|scheduled_tasks) _configure_property(name, Column)
2026-01-28 20:47:09.839 | INFO     | logging:callHandlers:1762 | 62670:140704574242752 | (ScheduledTask|scheduled_tasks) _configure_property(description, Column)
2026-01-28 20:47:09.840 | INFO     | logging:callHandlers:1762 | 62670:140704574242752 | (ScheduledTask|scheduled_tasks) _configure_property(task_type, Column)
2026-01-28 20:47:09.840 | INFO     | logging:callHandlers:1762 | 62670:140704574242752 | (ScheduledTask|scheduled_tasks) _configure_property(cron_expression, Column)
2026-01-28 20:47:09.840 | INFO     | logging:callHandlers:1762 | 62670:140704574242752 | (ScheduledTask|scheduled_tasks) _configure_property(interval, Column)
2026-01-28 20:47:09.840 | INFO     | logging:callHandlers:1762 | 62670:140704574242752 | (ScheduledTask|scheduled_tasks) _configure_property(interval_unit, Column)
2026-01-28 20:47:09.841 | INFO     | logging:callHandlers:1762 | 62670:140704574242752 | (ScheduledTask|scheduled_tasks) _configure_property(is_active, Column)
2026-01-28 20:47:09.841 | INFO     | logging:callHandlers:1762 | 62670:140704574242752 | (ScheduledTask|scheduled_tasks) _configure_property(last_run_time, Column)
2026-01-28 20:47:09.841 | INFO     | logging:callHandlers:1762 | 62670:140704574242752 | (ScheduledTask|scheduled_tasks) _configure_property(next_run_time, Column)
2026-01-28 20:47:09.842 | INFO     | logging:callHandlers:1762 | 62670:140704574242752 | (ScheduledTask|scheduled_tasks) _configure_property(created_at, Column)
2026-01-28 20:47:09.842 | INFO     | logging:callHandlers:1762 | 62670:140704574242752 | (ScheduledTask|scheduled_tasks) _configure_property(updated_at, Column)
2026-01-28 20:47:09.843 | INFO     | logging:callHandlers:1762 | 62670:140704574242752 | (ScheduledTask|scheduled_tasks) Identified primary key columns: OrderedSet([Column('id', Integer(), table=<scheduled_tasks>, primary_key=True, nullable=False)])
2026-01-28 20:47:09.844 | INFO     | logging:callHandlers:1762 | 62670:140704574242752 | (ScheduledTask|scheduled_tasks) constructed
2026-01-28 20:47:09.845 | INFO     | logging:callHandlers:1762 | 62670:140704574242752 | (TaskExecution|task_executions) _configure_property(task, Relationship)
2026-01-28 20:47:09.845 | INFO     | logging:callHandlers:1762 | 62670:140704574242752 | (TaskExecution|task_executions) _configure_property(id, Column)
2026-01-28 20:47:09.845 | INFO     | logging:callHandlers:1762 | 62670:140704574242752 | (TaskExecution|task_executions) _configure_property(task_id, Column)
2026-01-28 20:47:09.846 | INFO     | logging:callHandlers:1762 | 62670:140704574242752 | (TaskExecution|task_executions) _configure_property(status, Column)
2026-01-28 20:47:09.846 | INFO     | logging:callHandlers:1762 | 62670:140704574242752 | (TaskExecution|task_executions) _configure_property(start_time, Column)
2026-01-28 20:47:09.847 | INFO     | logging:callHandlers:1762 | 62670:140704574242752 | (TaskExecution|task_executions) _configure_property(end_time, Column)
2026-01-28 20:47:09.847 | INFO     | logging:callHandlers:1762 | 62670:140704574242752 | (TaskExecution|task_executions) _configure_property(duration, Column)
2026-01-28 20:47:09.848 | INFO     | logging:callHandlers:1762 | 62670:140704574242752 | (TaskExecution|task_executions) _configure_property(error_message, Column)
2026-01-28 20:47:09.848 | INFO     | logging:callHandlers:1762 | 62670:140704574242752 | (TaskExecution|task_executions) _configure_property(result, Column)
2026-01-28 20:47:09.849 | INFO     | logging:callHandlers:1762 | 62670:140704574242752 | (TaskExecution|task_executions) Identified primary key columns: OrderedSet([Column('id', Integer(), table=<task_executions>, primary_key=True, nullable=False)])
2026-01-28 20:47:09.849 | INFO     | logging:callHandlers:1762 | 62670:140704574242752 | (TaskExecution|task_executions) constructed
2026-01-28 20:47:09.851 | INFO     | logging:callHandlers:1762 | 62670:140704574242752 | (PublishLog|publish_logs) _configure_property(account, Relationship)
2026-01-28 20:47:09.852 | INFO     | logging:callHandlers:1762 | 62670:140704574242752 | (PublishLog|publish_logs) _configure_property(content, Relationship)
2026-01-28 20:47:09.852 | INFO     | logging:callHandlers:1762 | 62670:140704574242752 | (PublishLog|publish_logs) _configure_property(id, Column)
2026-01-28 20:47:09.852 | INFO     | logging:callHandlers:1762 | 62670:140704574242752 | (PublishLog|publish_logs) _configure_property(account_id, Column)
2026-01-28 20:47:09.853 | INFO     | logging:callHandlers:1762 | 62670:140704574242752 | (PublishLog|publish_logs) _configure_property(content_id, Column)
2026-01-28 20:47:09.853 | INFO     | logging:callHandlers:1762 | 62670:140704574242752 | (PublishLog|publish_logs) _configure_property(platform, Column)
2026-01-28 20:47:09.853 | INFO     | logging:callHandlers:1762 | 62670:140704574242752 | (PublishLog|publish_logs) _configure_property(media_id, Column)
2026-01-28 20:47:09.854 | INFO     | logging:callHandlers:1762 | 62670:140704574242752 | (PublishLog|publish_logs) _configure_property(status, Column)
2026-01-28 20:47:09.854 | INFO     | logging:callHandlers:1762 | 62670:140704574242752 | (PublishLog|publish_logs) _configure_property(error_message, Column)
2026-01-28 20:47:09.854 | INFO     | logging:callHandlers:1762 | 62670:140704574242752 | (PublishLog|publish_logs) _configure_property(retry_count, Column)
2026-01-28 20:47:09.855 | INFO     | logging:callHandlers:1762 | 62670:140704574242752 | (PublishLog|publish_logs) _configure_property(result, Column)
2026-01-28 20:47:09.856 | INFO     | logging:callHandlers:1762 | 62670:140704574242752 | (PublishLog|publish_logs) _configure_property(publish_time, Column)
2026-01-28 20:47:09.856 | INFO     | logging:callHandlers:1762 | 62670:140704574242752 | (PublishLog|publish_logs) _configure_property(created_at, Column)
2026-01-28 20:47:09.856 | INFO     | logging:callHandlers:1762 | 62670:140704574242752 | (PublishLog|publish_logs) _configure_property(updated_at, Column)
2026-01-28 20:47:09.857 | INFO     | logging:callHandlers:1762 | 62670:140704574242752 | (PublishLog|publish_logs) Identified primary key columns: OrderedSet([Column('id', Integer(), table=<publish_logs>, primary_key=True, nullable=False)])
2026-01-28 20:47:09.858 | INFO     | logging:callHandlers:1762 | 62670:140704574242752 | (PublishLog|publish_logs) constructed
2026-01-28 20:47:09.859 | INFO     | logging:callHandlers:1762 | 62670:140704574242752 | (PublishPool|publish_pool) _configure_property(content, Relationship)
2026-01-28 20:47:09.860 | INFO     | logging:callHandlers:1762 | 62670:140704574242752 | (PublishPool|publish_pool) _configure_property(id, Column)
2026-01-28 20:47:09.860 | INFO     | logging:callHandlers:1762 | 62670:140704574242752 | (PublishPool|publish_pool) _configure_property(content_id, Column)
2026-01-28 20:47:09.860 | INFO     | logging:callHandlers:1762 | 62670:140704574242752 | (PublishPool|publish_pool) _configure_property(priority, Column)
2026-01-28 20:47:09.861 | INFO     | logging:callHandlers:1762 | 62670:140704574242752 | (PublishPool|publish_pool) _configure_property(scheduled_at, Column)
2026-01-28 20:47:09.861 | INFO     | logging:callHandlers:1762 | 62670:140704574242752 | (PublishPool|publish_pool) _configure_property(added_at, Column)
2026-01-28 20:47:09.862 | INFO     | logging:callHandlers:1762 | 62670:140704574242752 | (PublishPool|publish_pool) _configure_property(updated_at, Column)
2026-01-28 20:47:09.862 | INFO     | logging:callHandlers:1762 | 62670:140704574242752 | (PublishPool|publish_pool) Identified primary key columns: OrderedSet([Column('id', Integer(), table=<publish_pool>, primary_key=True, nullable=False)])
2026-01-28 20:47:09.862 | INFO     | logging:callHandlers:1762 | 62670:140704574242752 | (PublishPool|publish_pool) constructed
2026-01-28 20:47:09.933 | INFO     | app.core.module_system.loader:load_modules:38 | 62670:140704574242752 | ✅ 成功加载模块: auth
2026-01-28 20:47:10.235 | INFO     | app.core.module_system.loader:load_modules:38 | 62670:140704574242752 | ✅ 成功加载模块: accounts
2026-01-28 20:47:10.264 | INFO     | app.core.module_system.loader:load_modules:38 | 62670:140704574242752 | ✅ 成功加载模块: customer
2026-01-28 20:47:10.364 | INFO     | app.core.module_system.loader:load_modules:38 | 62670:140704574242752 | ✅ 成功加载模块: content
2026-01-28 20:47:10.406 | INFO     | app.core.module_system.loader:load_modules:38 | 62670:140704574242752 | ✅ 成功加载模块: scheduler
2026-01-28 20:47:10.438 | INFO     | app.core.module_system.loader:load_modules:38 | 62670:140704574242752 | ✅ 成功加载模块: publisher
2026-01-28 20:47:10.482 | INFO     | app.core.module_system.loader:load_modules:38 | 62670:140704574242752 | ✅ 成功加载模块: publish_pool
2026-01-28 20:47:10.495 | INFO     | app.core.module_system.loader:load_modules:38 | 62670:140704574242752 | ✅ 成功加载模块: dashboard
2026-01-28 20:47:10.495 | INFO     | app.core.module_system.loader:load_modules:40 | 62670:140704574242752 | 🎉 共加载 8 个模块
